2025-09-19 02:11:16,710 [INFO] Loaded API token from C:\bella\token.txt
2025-09-19 02:18:46,628 [INFO] Bella backend starting (token source: token.txt)
2025-09-19 02:20:44,682 [INFO] Bella backend starting (token source: token.txt)
2025-09-19 02:20:45,348 [INFO] Bella backend starting (token source: token.txt)
2025-09-19 02:22:18,133 [INFO] Bella backend starting (token source: token.txt)
2025-09-19 02:26:34,795 [INFO] Bella backend starting (token source: token.txt)
2025-09-19 02:27:16,156 [INFO] health check
2025-09-19 02:40:07,541 [INFO] Bella backend starting (token source: token.txt)
2025-09-19 02:41:50,614 [INFO] health check
2025-09-19 02:47:42,463 [INFO] Bella backend starting (token source: token.txt)
2025-09-19 16:05:06,292 [INFO] Bella backend starting (token source: token.txt)
2025-09-19 16:05:43,792 [INFO] health check
2025-09-19 16:05:56,892 [INFO] Serving token to local UI (origin=http://127.0.0.1:5500 client=127.0.0.1)
2025-09-19 16:11:36,695 [INFO] Bella backend starting (token source: token.txt)
2025-09-19 16:12:22,459 [INFO] health check
2025-09-19 16:12:30,677 [INFO] Serving token to local UI (origin=http://127.0.0.1:5500 client=127.0.0.1)
2025-09-19 16:17:04,075 [INFO] Serving token to local UI (origin=http://127.0.0.1:5500 client=127.0.0.1)
2025-09-19 16:27:16,453 [INFO] Bella backend starting (token source: token.txt)
2025-09-19 16:28:03,206 [INFO] Bella backend starting (token source: token.txt)
2025-09-19 16:28:49,260 [INFO] Serving token to local UI (origin=http://127.0.0.1:5500 client=127.0.0.1)
2025-09-19 16:42:00,610 [INFO] Bella backend starting (token source: token.txt)
2025-09-19 16:42:16,088 [INFO] health check
2025-09-19 16:42:26,675 [WARNING] Unauthorized attempt with token: None
2025-09-19 16:43:26,655 [WARNING] Unauthorized attempt with token: None
2025-09-19 16:44:00,954 [INFO] Serving token to local UI (origin=http://127.0.0.1:5500 client=127.0.0.1)
2025-09-19 16:44:26,652 [WARNING] Unauthorized attempt with token: None
2025-09-19 16:44:37,751 [INFO] health check
2025-09-19 16:44:37,751 [INFO] Serving token to local UI (origin=http://127.0.0.1:5500 client=127.0.0.1)
2025-09-19 16:44:37,751 [WARNING] Unauthorized attempt with token: None
2025-09-19 16:44:37,768 [WARNING] Unauthorized attempt with token: None
2025-09-19 16:44:48,356 [INFO] health check
2025-09-19 16:44:48,361 [INFO] scripts listed: ['New Text Document.txt', 'cleanup_logs.ps1', 'hello.py', 'install_all.ps1', 'install_fusion.ps1', 'install_neuro.ps1', 'install_prereqs.ps1', 'install_prereqs_and_venv.ps1', 'long_task.py', 'report_failures.py', 'self_heal.ps1', 'start_bella.bat', 'start_ui.bat', 'stop_ui.bat']
2025-09-19 16:44:48,361 [INFO] files listed
2025-09-19 16:47:11,205 [INFO] health check
2025-09-19 16:47:11,439 [INFO] scripts listed: ['New Text Document.txt', 'cleanup_logs.ps1', 'hello.py', 'install_all.ps1', 'install_fusion.ps1', 'install_neuro.ps1', 'install_prereqs.ps1', 'install_prereqs_and_venv.ps1', 'long_task.py', 'report_failures.py', 'self_heal.ps1', 'start_bella.bat', 'start_ui.bat', 'stop_ui.bat']
2025-09-19 16:47:11,585 [INFO] running script: hello.py
2025-09-19 16:47:11,676 [INFO] script finished: hello.py rc=0
2025-09-19 18:04:10,642 [INFO] Bella backend starting (token source: token.txt)
2025-09-19 18:58:25,075 [INFO] Bella backend starting (token source: token.txt)
2025-09-19 18:58:52,453 [INFO] health check
2025-09-19 18:59:05,337 [INFO] health check
2025-09-19 18:59:05,345 [INFO] files listed
2025-09-19 18:59:05,347 [INFO] scripts listed: ['New Text Document.txt', 'cleanup_logs.ps1', 'hello.py', 'install_all.ps1', 'install_fusion.ps1', 'install_neuro.ps1', 'install_prereqs.ps1', 'install_prereqs_and_venv.ps1', 'long_task.py', 'report_failures.py', 'self_heal.ps1', 'start_bella.bat', 'start_ui.bat', 'stop_ui.bat']
2025-09-20 01:30:51,244 [INFO] Bella backend starting (token source: token.txt)
2025-09-20 01:30:52,957 [INFO] health check
2025-09-20 01:30:52,981 [INFO] scripts listed: ['New Text Document.txt', 'cleanup_logs.ps1', 'hello.py', 'install_all.ps1', 'install_fusion.ps1', 'install_neuro.ps1', 'install_prereqs.ps1', 'install_prereqs_and_venv.ps1', 'long_task.py', 'report_failures.py', 'self_heal.ps1', 'start_bella.bat', 'start_ui.bat', 'stop_ui.bat']
2025-09-20 01:30:52,984 [INFO] files listed
2025-09-20 01:34:13,470 [INFO] Bella backend starting (token source: token.txt)
2025-09-20 01:34:15,877 [INFO] health check
2025-09-20 01:34:15,881 [INFO] scripts listed: ['New Text Document.txt', 'cleanup_logs.ps1', 'hello.py', 'install_all.ps1', 'install_fusion.ps1', 'install_neuro.ps1', 'install_prereqs.ps1', 'install_prereqs_and_venv.ps1', 'long_task.py', 'report_failures.py', 'self_heal.ps1', 'start_bella.bat', 'start_ui.bat', 'stop_ui.bat']
2025-09-20 01:34:15,882 [INFO] files listed
2025-09-20 01:46:22,510 [INFO] Bella backend starting (token source: token.txt)
2025-09-20 01:48:39,626 [INFO] Bella backend starting (token source: token.txt)
2025-09-20 01:50:00,967 [INFO] Bella backend starting (token source: token.txt)
2025-09-20 01:52:15,323 [INFO] Bella backend starting (token source: token.txt)
2025-09-20 01:52:59,596 [INFO] Bella backend starting (token source: token.txt)
2025-09-20 01:55:17,738 [INFO] Bella backend starting (token source: token.txt)
2025-09-20 01:55:41,522 [INFO] Bella backend starting (token source: token.txt)
2025-09-20 02:26:23,107 [INFO] Bella backend starting (token source: token.txt)
2025-09-20 15:32:15,116 [INFO] Bella backend starting (token source: token.txt)
2025-09-26 02:29:34,255 [INFO] Loaded API token from C:\bella\token.txt
2025-09-26 11:49:06,245 [INFO] Loaded API token from C:\bella\token.txt
2025-10-02 19:48:47,873 [INFO] Loaded API token from C:\bella\token.txt
2025-10-02 19:49:32,499 [INFO] Loaded API token from C:\bella\token.txt
2025-10-02 19:51:35,351 [INFO] Loaded API token from C:\bella\token.txt
2025-10-02 19:53:20,068 [INFO] Loaded API token from C:\bella\token.txt
